<?xml version="1.0" encoding="UTF-8" ?>
<testsuite failures="0" time="0.613" errors="0" skipped="0" tests="21" name="TestSuite">
  <properties>
    <property name="java.runtime.name" value="Java(TM) SE Runtime Environment"/>
    <property name="sun.boot.library.path" value="/home/cthulhu/bin/jdk1.7.0_01/jre/lib/i386"/>
    <property name="java.vm.version" value="21.1-b02"/>
    <property name="java.vm.vendor" value="Oracle Corporation"/>
    <property name="java.vendor.url" value="http://java.oracle.com/"/>
    <property name="path.separator" value=":"/>
    <property name="java.vm.name" value="Java HotSpot(TM) Server VM"/>
    <property name="file.encoding.pkg" value="sun.io"/>
    <property name="user.country" value="PL"/>
    <property name="sun.java.launcher" value="SUN_STANDARD"/>
    <property name="sun.os.patch.level" value="unknown"/>
    <property name="java.vm.specification.name" value="Java Virtual Machine Specification"/>
    <property name="user.dir" value="/home/cthulhu/workspace/iocc"/>
    <property name="java.runtime.version" value="1.7.0_01-b08"/>
    <property name="java.awt.graphicsenv" value="sun.awt.X11GraphicsEnvironment"/>
    <property name="basedir" value="/home/cthulhu/workspace/iocc"/>
    <property name="java.endorsed.dirs" value="/home/cthulhu/bin/jdk1.7.0_01/jre/lib/endorsed"/>
    <property name="os.arch" value="i386"/>
    <property name="java.io.tmpdir" value="/tmp"/>
    <property name="line.separator" value="
"/>
    <property name="java.vm.specification.vendor" value="Oracle Corporation"/>
    <property name="os.name" value="Linux"/>
    <property name="sun.jnu.encoding" value="UTF-8"/>
    <property name="java.library.path" value="/home/cthulhu/bin/jdk1.7.0_01/jre/lib/i386/server:/home/cthulhu/bin/jdk1.7.0_01/jre/lib/i386:/home/cthulhu/bin/jdk1.7.0_01/jre/../lib/i386:/home/cthulhu/bin/jdk1.7.0_01/jre/lib/i386/client:/home/cthulhu/bin/jdk1.7.0_01/jre/lib/i386::/usr/java/packages/lib/i386:/lib:/usr/lib"/>
    <property name="surefire.test.class.path" value="/home/cthulhu/workspace/iocc/target/test-classes:/home/cthulhu/workspace/iocc/target/classes:/home/cthulhu/.m2/repository/org/testng/testng/5.8/testng-5.8-jdk15.jar:/home/cthulhu/.m2/repository/junit/junit/3.8.1/junit-3.8.1.jar:/home/cthulhu/.m2/repository/log4j/log4j/1.2.14/log4j-1.2.14.jar:/home/cthulhu/.m2/repository/commons-lang/commons-lang/2.4/commons-lang-2.4.jar:/home/cthulhu/.m2/repository/javax/servlet/servlet-api/2.5/servlet-api-2.5.jar:/home/cthulhu/.m2/repository/org/easymock/easymock/2.5.2/easymock-2.5.2.jar:"/>
    <property name="java.specification.name" value="Java Platform API Specification"/>
    <property name="java.class.version" value="51.0"/>
    <property name="sun.management.compiler" value="HotSpot Tiered Compilers"/>
    <property name="os.version" value="3.0.0-13-generic-pae"/>
    <property name="user.home" value="/home/cthulhu"/>
    <property name="user.timezone" value="Europe/Warsaw"/>
    <property name="java.awt.printerjob" value="sun.print.PSPrinterJob"/>
    <property name="file.encoding" value="UTF-8"/>
    <property name="java.specification.version" value="1.7"/>
    <property name="user.name" value="cthulhu"/>
    <property name="java.class.path" value="/home/cthulhu/.m2/repository/org/apache/maven/surefire/surefire-booter/2.7.1/surefire-booter-2.7.1.jar:/home/cthulhu/.m2/repository/org/apache/maven/surefire/surefire-api/2.7.1/surefire-api-2.7.1.jar:/home/cthulhu/.m2/repository/org/testng/testng/5.8/testng-5.8-jdk15.jar:/home/cthulhu/.m2/repository/junit/junit/3.8.1/junit-3.8.1.jar"/>
    <property name="java.vm.specification.version" value="1.7"/>
    <property name="sun.arch.data.model" value="32"/>
    <property name="java.home" value="/home/cthulhu/bin/jdk1.7.0_01/jre"/>
    <property name="sun.java.command" value="org.apache.maven.surefire.booter.ForkedBooter /home/cthulhu/workspace/iocc/target/surefire/surefire7798473042327476345tmp /home/cthulhu/workspace/iocc/target/surefire/surefire6235421493290581755tmp"/>
    <property name="java.specification.vendor" value="Oracle Corporation"/>
    <property name="user.language" value="pl"/>
    <property name="awt.toolkit" value="sun.awt.X11.XToolkit"/>
    <property name="java.vm.info" value="mixed mode"/>
    <property name="java.version" value="1.7.0_01"/>
    <property name="java.ext.dirs" value="/home/cthulhu/bin/jdk1.7.0_01/jre/lib/ext:/usr/java/packages/lib/ext"/>
    <property name="sun.boot.class.path" value="/home/cthulhu/bin/jdk1.7.0_01/jre/lib/resources.jar:/home/cthulhu/bin/jdk1.7.0_01/jre/lib/rt.jar:/home/cthulhu/bin/jdk1.7.0_01/jre/lib/sunrsasign.jar:/home/cthulhu/bin/jdk1.7.0_01/jre/lib/jsse.jar:/home/cthulhu/bin/jdk1.7.0_01/jre/lib/jce.jar:/home/cthulhu/bin/jdk1.7.0_01/jre/lib/charsets.jar:/home/cthulhu/bin/jdk1.7.0_01/jre/classes"/>
    <property name="java.vendor" value="Oracle Corporation"/>
    <property name="localRepository" value="/home/cthulhu/.m2/repository"/>
    <property name="file.separator" value="/"/>
    <property name="java.vendor.url.bug" value="http://bugreport.sun.com/bugreport/"/>
    <property name="sun.cpu.endian" value="little"/>
    <property name="sun.io.unicode.encoding" value="UnicodeLittle"/>
    <property name="sun.desktop" value="gnome"/>
    <property name="sun.cpu.isalist" value=""/>
  </properties>
  <testcase time="0.003" classname="com.gluszecki.iocc.ComponentInstanceFactoryTest" name="test"/>
  <testcase time="0" classname="com.gluszecki.iocc.ComponentInvocationHandlerTest" name="test"/>
  <testcase time="0.049" classname="com.gluszecki.iocc.ComponentProxyFactoryTest" name="test"/>
  <testcase time="0" classname="com.gluszecki.iocc.ComponentProxyFactoryTest" name="testSubclassedComponent"/>
  <testcase time="0.002" classname="com.gluszecki.iocc.ConstructorInjectionComponentInstanceFactoryTest" name="test"/>
  <testcase time="0.006" classname="com.gluszecki.iocc.ContainerTest" name="test1"/>
  <testcase time="0.052" classname="com.gluszecki.iocc.FactoryMethodImplTest" name="testExecute"/>
  <testcase time="0" classname="com.gluszecki.iocc.FileFinderTest" name="test"/>
  <testcase time="0" classname="com.gluszecki.iocc.FileFinderTest" name="test2"/>
  <testcase time="0.005" classname="com.gluszecki.iocc.UrlClassLoaderScannerTest" name="test2"/>
  <testcase time="0.023" classname="com.gluszecki.iocc.UrlClassLoaderScannerTest" name="test"/>
  <testcase time="0" classname="com.gluszecki.iocc.bijection.handler.InjectionHandlerImplTest" name="testFieldInjectDisinject"/>
  <testcase time="0" classname="com.gluszecki.iocc.component.ComponentImplTest" name="testCreateInjectionHandlers"/>
  <testcase time="0" classname="com.gluszecki.iocc.component.ComponentImplTest" name="testNewInstance"/>
  <testcase time="0" classname="com.gluszecki.iocc.component.ComponentImplTest" name="testGetFields"/>
  <testcase time="0" classname="com.gluszecki.iocc.component.ComponentImplTest" name="testCreateInjectionHandlersForSubclassedComponent"/>
  <testcase time="0" classname="com.gluszecki.iocc.context.GlobalContextTest" name="testGetKeysDefaultNamespace"/>
  <testcase time="0.006" classname="com.gluszecki.iocc.factory.FactoryMethodTest" name="testFactoryMethod"/>
  <testcase time="0" classname="com.gluszecki.iocc.utils.ReflectionUtilsTest" name="testGetInheritanceList"/>
  <testcase time="0" classname="com.gluszecki.iocc.utils.ReflectionUtilsTest" name="testGetConstructorParametersAnnotations"/>
  <testcase time="0" classname="com.gluszecki.iocc.utils.ReflectionUtilsTest" name="testGetConstructorParametersAnnotations2"/>
</testsuite>